<?xml version="1.0" encoding="UTF-8"?>
<!-- Generated by org.testng.reporters.JUnitReportReporter -->
<testsuite hostname="ATMECSINLT-083" failures="0" tests="3" name="com.atmecs.testscripts.SelectBus" time="36.924" errors="0" timestamp="19 Sep 2019 12:10:18 GMT" skipped="0">
  <testcase classname="com.atmecs.testscripts.SelectBus" name="initializeBrowser" time="16.927"/>
  <testcase classname="com.atmecs.testscripts.SelectBus" name="searching_Bus" time="18.865"/>
  <testcase classname="com.atmecs.testscripts.SelectBus" name="selecting_Bus" time="1.132"/>
</testsuite> <!-- com.atmecs.testscripts.SelectBus -->
