<?xml version="1.0" encoding="UTF-8"?>
<!-- Generated by org.testng.reporters.JUnitReportReporter -->
<testsuite hostname="ATMECSINLT-083" failures="0" tests="2" name="com.atmecs.testscripts.SearchForBus" time="38.967" errors="0" timestamp="19 Sep 2019 11:48:23 GMT" skipped="0">
  <testcase classname="com.atmecs.testscripts.SearchForBus" name="initializeBrowser" time="19.445"/>
  <testcase classname="com.atmecs.testscripts.SearchForBus" name="searching_Bus" time="19.522"/>
</testsuite> <!-- com.atmecs.testscripts.SearchForBus -->
