<?xml version="1.0" encoding="UTF-8"?>
<!-- Generated by org.testng.reporters.JUnitReportReporter -->
<testsuite hostname="ATMECSINLT-083" failures="0" tests="3" name="com.atmecs.testscripts.BookBus" time="75.718" errors="0" timestamp="19 Sep 2019 12:47:53 GMT" skipped="0">
  <testcase classname="com.atmecs.testscripts.BookBus" name="initializeBrowser" time="42.723"/>
  <testcase classname="com.atmecs.testscripts.BookBus" name="searching_Bus" time="18.715"/>
  <testcase classname="com.atmecs.testscripts.BookBus" name="selecting_Bus" time="14.280"/>
</testsuite> <!-- com.atmecs.testscripts.BookBus -->
